Lecture pour le groupe g2201
Lecture pour le groupe g2203
(10316) g2201  (attend 10 secondes)
(10317) g2203  (attend 8 secondes)
Clic sur le bouton Vider
Clic sur le bouton Lancer Recherche
Lecture pour le groupe g2203
Lecture pour le groupe g2201
(10340) g2201  (attend 10 secondes)
(10341) g2203  (attend 8 secondes)
Lecture pour le groupe g2202
(10593) g2202  (attend 6 secondes)
Lecture pour le groupe g2206
(11402) g2206  (attend 0 secondes)
Clic sur le bouton Vider
Clic sur le bouton Lancer Recherche
Lecture pour le groupe g2201
(11404) g2201  (attend 10 secondes)
Clic sur le bouton Lancer Recherche
Lecture pour le groupe g2201
Lecture pour le groupe g2202
Lecture pour le groupe g2203
(11407) g2201  (attend 10 secondes)
(11409) g2203  (attend 8 secondes)
(11408) g2202  (attend 6 secondes)
Clic sur le bouton Vider
Clic sur le bouton Lancer Recherche
Lecture pour le groupe g2202
Lecture pour le groupe g2203
(11421) g2203  (attend 8 secondes)
(11420) g2202  (attend 6 secondes)
Clic sur le bouton Quitter
Lecture pour le groupe g2204
(11596) g2204  (attend 6 secondes)
Clic sur le bouton Vider
Clic sur le bouton Quitter
Lecture pour le groupe g2202
Lecture pour le groupe g2203
Lecture pour le groupe g2204
(11873) g2202  (attend 6 secondes)
(11875) g2204  (attend 6 secondes)
(11874) g2203  (attend 8 secondes)
Clic sur le bouton Vider
Clic sur le bouton Quitter
