(Traitement 52366) Connection a la BD
(Traitement 52365) Connection a la BD
(Traitement 52367) Connection a la BD
(Traitement 52365) Armement du signal SIGALRM
(Traitement 52366) Armement du signal SIGALRM
(Traitement 52367) Armement du signal SIGALRM
(Traitement 52365) Reception du signal SIGALRM (14)
(Traitement 52366) Reception du signal SIGALRM (14)
(Traitement 52367) Reception du signal SIGALRM (14)
(Traitement 52365) Reception du signal SIGALRM (14)
(Traitement 52366) Reception du signal SIGALRM (14)
(Traitement 52367) Reception du signal SIGALRM (14)
(Traitement 52365) Reception du signal SIGALRM (14)
(Traitement 52366) Reception du signal SIGALRM (14)
(Traitement 52367) Reception du signal SIGALRM (14)
(Traitement 52365) Reception du signal SIGALRM (14)
(Traitement 52366) Reception du signal SIGALRM (14)
(Traitement 52367) Reception du signal SIGALRM (14)
Clic sur le bouton Annuler2
(Traitement 52365) Reception du signal SIGALRM (14)
(Traitement 52367) Reception du signal SIGALRM (14)
(Traitement 52365) Reception du signal SIGALRM (14)
(Traitement 52367) Reception du signal SIGALRM (14)
(Traitement 52365) Reception du signal SIGALRM (14)
(Traitement 52367) Reception du signal SIGALRM (14)
(Traitement 52367) Reception du signal SIGALRM (14)
(Traitement 52367) Reception du signal SIGALRM (14)
Clic sur le bouton Vider
Clic sur le bouton Quitter
